Node 0 Fatal signal raised sig = Segmentation fault
 612fc3a0 CX_Primitive_Error
 a66c0cc0 seh_filter_exe
 613a24d0 logical_right_shift
 993eeef0 _C_specific_handler
 a8fd27a0 _chkstk
 a8f820d0 RtlRaiseException
 a8fd13a0 KiUserExceptionDispatcher
 613a24d0 logical_right_shift
 5e1f72f0 AF_Set_Total_Face_Count
 5e1f72f0 AF_Set_Total_Face_Count
 2a21fcc0 io::PersistenceReader::readFaceMesh
 2a2198c0 io::PersistenceReader::readMesh
 47042510 read_mesh
 5e236680 InitializeFensapIcePrimitives
 6138c470 eval
 5e1b0150 PRF_Command_Start
 5e1b2880 PRF_Node_repl
 5e1be690 Delay_Error
 613a24d0 logical_right_shift
 a7e57360 BaseThreadInitThunk
 a8f7cc70 RtlUserThreadStart
Node 0 Fatal signal raised sig = Segmentation fault
 612fc3a0 CX_Primitive_Error
 a66c0cc0 seh_filter_exe
 613a24d0 logical_right_shift
 993eeef0 _C_specific_handler
 a8fd27a0 _chkstk
 a8f820d0 RtlRaiseException
 a8fd13a0 KiUserExceptionDispatcher
 613a24d0 logical_right_shift
 5e1f72f0 AF_Set_Total_Face_Count
 5e1f72f0 AF_Set_Total_Face_Count
 3c31fcc0 io::PersistenceReader::readFaceMesh
 3c3198c0 io::PersistenceReader::readMesh
 5ae82510 read_mesh
 5e236680 InitializeFensapIcePrimitives
 6138c470 eval
 5e1b0150 PRF_Command_Start
 5e1b2880 PRF_Node_repl
 5e1be690 Delay_Error
 613a24d0 logical_right_shift
 a7e57360 BaseThreadInitThunk
 a8f7cc70 RtlUserThreadStart
Node 0 Fatal signal raised sig = Segmentation fault
 612fc3a0 CX_Primitive_Error
 a66c0cc0 seh_filter_exe
 613a24d0 logical_right_shift
 993eeef0 _C_specific_handler
 a8fd27a0 _chkstk
 a8f820d0 RtlRaiseException
 a8fd13a0 KiUserExceptionDispatcher
 613a24d0 logical_right_shift
 5e1f72f0 AF_Set_Total_Face_Count
 5e1f72f0 AF_Set_Total_Face_Count
 5e1f72f0 AF_Set_Total_Face_Count
 5e1f72f0 AF_Set_Total_Face_Count
 4a882510 read_mesh
 5e236680 InitializeFensapIcePrimitives
 6138c470 eval
 5e1b0150 PRF_Command_Start
 5e1b2880 PRF_Node_repl
 5e1be690 Delay_Error
 613a24d0 logical_right_shift
 a7e57360 BaseThreadInitThunk
 a8f7cc70 RtlUserThreadStart
